Defaulting to user installation because normal site-packages is not writeable
Collecting flash-attn
  Using cached flash_attn-2.7.4.post1.tar.gz (6.0 MB)
  Preparing metadata (setup.py): started
  Preparing metadata (setup.py): finished with status 'done'
Collecting einops
  Using cached einops-0.8.1-py3-none-any.whl (64 kB)
Collecting torch
  Downloading torch-2.7.0-cp310-cp310-manylinux_2_28_x86_64.whl (865.2 MB)
     ━━━━━━━━━━━━━━━━━━━━━━━━━━━━━━━━━━━━━━━━ 865.2/865.2 MB 2.6 MB/s eta 0:00:00
Collecting nvidia-cufile-cu12==1.11.1.6
  Downloading nvidia_cufile_cu12-1.11.1.6-py3-none-manylinux2014_x86_64.manylinux_2_17_x86_64.whl (1.1 MB)
     ━━━━━━━━━━━━━━━━━━━━━━━━━━━━━━━━━━━━━━━━ 1.1/1.1 MB 7.1 MB/s eta 0:00:00
Collecting triton==3.3.0
  Downloading triton-3.3.0-cp310-cp310-manylinux_2_27_x86_64.manylinux_2_28_x86_64.whl (156.4 MB)
     ━━━━━━━━━━━━━━━━━━━━━━━━━━━━━━━━━━━━━━━━ 156.4/156.4 MB 2.9 MB/s eta 0:00:00
Collecting nvidia-cuda-cupti-cu12==12.6.80
  Downloading nvidia_cuda_cupti_cu12-12.6.80-py3-none-manylinux2014_x86_64.manylinux_2_17_x86_64.whl (8.9 MB)
     ━━━━━━━━━━━━━━━━━━━━━━━━━━━━━━━━━━━━━━━━ 8.9/8.9 MB 3.7 MB/s eta 0:00:00
Collecting networkx
  Downloading networkx-3.4.2-py3-none-any.whl (1.7 MB)
     ━━━━━━━━━━━━━━━━━━━━━━━━━━━━━━━━━━━━━━━━ 1.7/1.7 MB 3.8 MB/s eta 0:00:00
Collecting typing-extensions>=4.10.0
  Downloading typing_extensions-4.13.2-py3-none-any.whl (45 kB)
     ━━━━━━━━━━━━━━━━━━━━━━━━━━━━━━━━━━━━━━━━ 45.8/45.8 KB 4.8 MB/s eta 0:00:00
Collecting nvidia-cufft-cu12==11.3.0.4
  Downloading nvidia_cufft_cu12-11.3.0.4-py3-none-manylinux2014_x86_64.manylinux_2_17_x86_64.whl (200.2 MB)
     ━━━━━━━━━━━━━━━━━━━━━━━━━━━━━━━━━━━━━━━━ 200.2/200.2 MB 6.5 MB/s eta 0:00:00
Collecting filelock
  Downloading filelock-3.18.0-py3-none-any.whl (16 kB)
Collecting nvidia-cusolver-cu12==11.7.1.2
  Downloading nvidia_cusolver_cu12-11.7.1.2-py3-none-manylinux2014_x86_64.manylinux_2_17_x86_64.whl (158.2 MB)
     ━━━━━━━━━━━━━━━━━━━━━━━━━━━━━━━━━━━━━━━━ 158.2/158.2 MB 4.4 MB/s eta 0:00:00
Collecting nvidia-cublas-cu12==12.6.4.1
  Downloading nvidia_cublas_cu12-12.6.4.1-py3-none-manylinux2014_x86_64.manylinux_2_17_x86_64.whl (393.1 MB)
     ━━━━━━━━━━━━━━━━━━━━━━━━━━━━━━━━━━━━━━━━ 393.1/393.1 MB 4.2 MB/s eta 0:00:00
Collecting nvidia-cudnn-cu12==9.5.1.17
  Downloading nvidia_cudnn_cu12-9.5.1.17-py3-none-manylinux_2_28_x86_64.whl (571.0 MB)
     ━━━━━━━━━━━━━━━━━━━━━━━━━━━━━━━━━━━━━━━━ 571.0/571.0 MB 3.7 MB/s eta 0:00:00
Collecting nvidia-nccl-cu12==2.26.2
  Downloading nvidia_nccl_cu12-2.26.2-py3-none-manylinux2014_x86_64.manylinux_2_17_x86_64.whl (201.3 MB)
     ━━━━━━━━━━━━━━━━━━━━━━━━━━━━━━━━━━━━━━━━ 201.3/201.3 MB 5.9 MB/s eta 0:00:00
Collecting sympy>=1.13.3
  Downloading sympy-1.14.0-py3-none-any.whl (6.3 MB)
     ━━━━━━━━━━━━━━━━━━━━━━━━━━━━━━━━━━━━━━━━ 6.3/6.3 MB 9.3 MB/s eta 0:00:00
Collecting nvidia-cuda-runtime-cu12==12.6.77
  Downloading nvidia_cuda_runtime_cu12-12.6.77-py3-none-manylinux2014_x86_64.manylinux_2_17_x86_64.whl (897 kB)
     ━━━━━━━━━━━━━━━━━━━━━━━━━━━━━━━━━━━━━━━━ 897.7/897.7 KB 10.9 MB/s eta 0:00:00
Collecting nvidia-cusparselt-cu12==0.6.3
  Downloading nvidia_cusparselt_cu12-0.6.3-py3-none-manylinux2014_x86_64.whl (156.8 MB)
     ━━━━━━━━━━━━━━━━━━━━━━━━━━━━━━━━━━━━━━━━ 156.8/156.8 MB 7.9 MB/s eta 0:00:00
Collecting nvidia-curand-cu12==10.3.7.77
  Downloading nvidia_curand_cu12-10.3.7.77-py3-none-manylinux2014_x86_64.manylinux_2_17_x86_64.whl (56.3 MB)
     ━━━━━━━━━━━━━━━━━━━━━━━━━━━━━━━━━━━━━━━━ 56.3/56.3 MB 8.5 MB/s eta 0:00:00
Collecting nvidia-cusparse-cu12==12.5.4.2
  Downloading nvidia_cusparse_cu12-12.5.4.2-py3-none-manylinux2014_x86_64.manylinux_2_17_x86_64.whl (216.6 MB)
     ━━━━━━━━━━━━━━━━━━━━━━━━━━━━━━━━━━━━━━━━ 216.6/216.6 MB 6.6 MB/s eta 0:00:00
Collecting jinja2
  Downloading jinja2-3.1.6-py3-none-any.whl (134 kB)
     ━━━━━━━━━━━━━━━━━━━━━━━━━━━━━━━━━━━━━━━━ 134.9/134.9 KB 10.4 MB/s eta 0:00:00
Collecting nvidia-cuda-nvrtc-cu12==12.6.77
  Downloading nvidia_cuda_nvrtc_cu12-12.6.77-py3-none-manylinux2014_x86_64.whl (23.7 MB)
     ━━━━━━━━━━━━━━━━━━━━━━━━━━━━━━━━━━━━━━━━ 23.7/23.7 MB 8.9 MB/s eta 0:00:00
Collecting fsspec
  Downloading fsspec-2025.5.0-py3-none-any.whl (196 kB)
     ━━━━━━━━━━━━━━━━━━━━━━━━━━━━━━━━━━━━━━━━ 196.2/196.2 KB 10.8 MB/s eta 0:00:00
Collecting nvidia-nvjitlink-cu12==12.6.85
  Downloading nvidia_nvjitlink_cu12-12.6.85-py3-none-manylinux2010_x86_64.manylinux_2_12_x86_64.whl (19.7 MB)
     ━━━━━━━━━━━━━━━━━━━━━━━━━━━━━━━━━━━━━━━━ 19.7/19.7 MB 8.1 MB/s eta 0:00:00
Collecting nvidia-nvtx-cu12==12.6.77
  Downloading nvidia_nvtx_cu12-12.6.77-py3-none-manylinux2014_x86_64.manylinux_2_17_x86_64.whl (89 kB)
     ━━━━━━━━━━━━━━━━━━━━━━━━━━━━━━━━━━━━━━━━ 89.3/89.3 KB 4.3 MB/s eta 0:00:00
Collecting setuptools>=40.8.0
  Downloading setuptools-80.8.0-py3-none-any.whl (1.2 MB)
     ━━━━━━━━━━━━━━━━━━━━━━━━━━━━━━━━━━━━━━━━ 1.2/1.2 MB 10.9 MB/s eta 0:00:00
Collecting mpmath<1.4,>=1.1.0
  Downloading mpmath-1.3.0-py3-none-any.whl (536 kB)
     ━━━━━━━━━━━━━━━━━━━━━━━━━━━━━━━━━━━━━━━━ 536.2/536.2 KB 11.2 MB/s eta 0:00:00
Collecting MarkupSafe>=2.0
  Downloading MarkupSafe-3.0.2-cp310-cp310-manylinux_2_17_x86_64.manylinux2014_x86_64.whl (20 kB)
Building wheels for collected packages: flash-attn
  Building wheel for flash-attn (setup.py): started
  Building wheel for flash-attn (setup.py): still running...
  Building wheel for flash-attn (setup.py): still running...
  Building wheel for flash-attn (setup.py): still running...
  Building wheel for flash-attn (setup.py): still running...
  Building wheel for flash-attn (setup.py): still running...
  Building wheel for flash-attn (setup.py): still running...
  Building wheel for flash-attn (setup.py): still running...
  Building wheel for flash-attn (setup.py): still running...
  Building wheel for flash-attn (setup.py): still running...
  Building wheel for flash-attn (setup.py): still running...
  Building wheel for flash-attn (setup.py): still running...
